Arguments: 
  /usr/local/bin/node /usr/local/Cellar/yarn/1.13.0/libexec/bin/yarn.js install

PATH: 
  /anaconda3/bin:/Users/parthivmohan/.npm-global/bin:/Users/parthivmohan/.rbenv/shims:/usr/local/bin:/Users/parthivmohan/.rbenv/shims:/Users/parthivmohan/.rbenv/bin:/Users/parthivmohan/.rbenv/shims:/Users/parthivmohan/.rbenv/bin:/Users/parthivmohan/.rvm/gems/ruby-2.5.1/bin:/Users/parthivmohan/.rvm/gems/ruby-2.5.1@global/bin:/Users/parthivmohan/.rvm/rubies/ruby-2.5.1/bin:/usr/bin:/bin:/usr/sbin:/sbin:/usr/local/bin:/usr/texbin:/opt/X11/bin:/usr/local/git/bin:/Users/parthivmohan/.rvm/bin

Yarn version: 
  1.13.0

Node version: 
  10.15.3

Platform: 
  darwin x64

Trace: 
  SyntaxError: /Users/parthivmohan/Desktop/web dev/the_odin_project/battle-ship-tested-code/package.json: Unexpected token } in JSON at position 913
      at JSON.parse (<anonymous>)
      at /usr/local/Cellar/yarn/1.13.0/libexec/lib/cli.js:1625:59
      at Generator.next (<anonymous>)
      at step (/usr/local/Cellar/yarn/1.13.0/libexec/lib/cli.js:304:30)
      at /usr/local/Cellar/yarn/1.13.0/libexec/lib/cli.js:315:13

npm manifest: 
  {
    "name": "battle-ship-tested-code",
    "version": "1.0.0",
    "private": true,
    "scripts": {
      "test": "tap --comments",
      "serve": "vue-cli-service serve",
      "build": "vue-cli-service build",
      "lint": "vue-cli-service lint"
    },
    "repository": {
      "type": "git",
      "url": "git+https://github.com/pmocal/battle-ship-tested-code.git"
    },
    "author": "",
    "license": "ISC",
    "bugs": {
      "url": "https://github.com/pmocal/battle-ship-tested-code/issues"
    },
    "homepage": "https://github.com/pmocal/battle-ship-tested-code#readme",
    "dependencies": {
      "core-js": "^2.6.5",
      "vue": "^2.6.10"
    },
    "devDependencies": {
      "@vue/cli-plugin-babel": "^3.9.0",
      "@vue/cli-plugin-eslint": "^3.9.0",
      "@vue/cli-service": "^3.9.0",
      "babel-eslint": "^10.0.1",
      "eslint": "^5.16.0",
      "eslint-plugin-vue": "^5.0.0",
      "vue-template-compiler": "^2.6.10",
      "tap": "^14.6.1",
    },
    "eslintConfig": {
      "root": true,
      "env": {
        "node": true
      },
      "extends": [
        "plugin:vue/essential",
        "eslint:recommended"
      ],
      "rules": {},
      "parserOptions": {
        "parser": "babel-eslint"
      }
    },
    "postcss": {
      "plugins": {
        "autoprefixer": {}
      }
    },
    "browserslist": [
      "> 1%",
      "last 2 versions"
    ]
  }

yarn manifest: 
  No manifest

Lockfile: 
  No lockfile
